\BOOKMARK [1][-]{section.1}{\376\377\000J\000a\000k\000\040\000z\000a\000c\000z\001\005\001\007\000\040\000z\000a\000d\000a\000n\000i\000e}{}% 1
\BOOKMARK [1][-]{section.2}{\376\377\000S\000p\000r\000z\001\031\000t\000\040\000w\000\040\000l\000a\000b\000o\000r\000a\000t\000o\000r\000i\000u\000m}{}% 2
\BOOKMARK [2][-]{subsection.2.1}{\376\377\000P\000C\000\040\000i\000\040\000p\000a\000t\000c\000h\000\040\000p\000a\000n\000e\000l}{section.2}% 3
\BOOKMARK [2][-]{subsection.2.2}{\376\377\000C\000i\000s\000c\000o\000\040\000p\000r\000z\000e\000z\000\040\000k\000o\000n\000s\000o\000l\001\031}{section.2}% 4
\BOOKMARK [1][-]{section.3}{\376\377\000A\000d\000r\000e\000s\000a\000c\000j\000a\000\040\000I\000P\000v\0004\000\040\000i\000\040\000p\000o\000d\000s\000i\000e\000c\000i}{}% 5
\BOOKMARK [2][-]{subsection.3.1}{\376\377\000P\000o\000d\000s\000t\000a\000w\000y}{section.3}% 6
\BOOKMARK [2][-]{subsection.3.2}{\376\377\000S\000z\000y\000b\000k\000i\000e\000\040\000l\000i\000c\000z\000e\000n\000i\000e\000\040\000p\000o\000d\000s\000i\000e\000c\000i}{section.3}% 7
\BOOKMARK [1][-]{section.4}{\376\377\000L\000i\000n\000u\000x\000:\000\040\000i\000n\000t\000e\000r\000f\000e\000j\000s\000y\000,\000\040\000I\000P\000,\000\040\000r\000o\000u\000t\000i\000n\000g}{}% 8
\BOOKMARK [2][-]{subsection.4.1}{\376\377\000C\000z\000y\000s\000z\000c\000z\000e\000n\000i\000e\000\040\000i\000\040\000k\000o\000n\000f\000i\000g\000u\000r\000a\000c\000j\000a\000\040\000I\000P}{section.4}% 9
\BOOKMARK [2][-]{subsection.4.2}{\376\377\000R\000o\000u\000t\000i\000n\000g\000\040\000w\000\040\000L\000i\000n\000u\000x\000i\000e}{section.4}% 10
\BOOKMARK [2][-]{subsection.4.3}{\376\377\000F\000o\000r\000w\000a\000r\000d\000i\000n\000g\000\040\000-\000\040\000L\000i\000n\000u\000x\000\040\000j\000a\000k\000o\000\040\000r\000o\000u\000t\000e\000r}{section.4}% 11
\BOOKMARK [2][-]{subsection.4.4}{\376\377\000A\000R\000P\000\040\000i\000\040\000D\000H\000C\000P}{section.4}% 12
\BOOKMARK [1][-]{section.5}{\376\377\000C\000i\000s\000c\000o\000\040\000r\000o\000u\000t\000e\000r\000y\000:\000\040\000t\000r\000y\000b\000y\000,\000\040\000a\000d\000r\000e\000s\000y\000,\000\040\000r\000o\000u\000t\000i\000n\000g}{}% 13
\BOOKMARK [2][-]{subsection.5.1}{\376\377\000P\000o\000w\001\102\000o\000k\000a\000\040\000i\000\040\000d\000i\000a\000g\000n\000o\000s\000t\000y\000k\000a}{section.5}% 14
\BOOKMARK [2][-]{subsection.5.2}{\376\377\000A\000d\000r\000e\000s\000y\000\040\000n\000a\000\040\000i\000n\000t\000e\000r\000f\000e\000j\000s\000a\000c\000h}{section.5}% 15
\BOOKMARK [2][-]{subsection.5.3}{\376\377\000K\000i\000l\000k\000a\000\040\000a\000d\000r\000e\000s\000\363\000w\000\040\000b\000e\000z\000\040\000V\000L\000A\000N\000\363\000w\000:\000\040\000s\000e\000c\000o\000n\000d\000a\000r\000y}{section.5}% 16
\BOOKMARK [2][-]{subsection.5.4}{\376\377\000R\000o\000u\000t\000i\000n\000g\000\040\000s\000t\000a\000t\000y\000c\000z\000n\000y\000\040\000C\000i\000s\000c\000o}{section.5}% 17
\BOOKMARK [1][-]{section.6}{\376\377\000O\000S\000P\000F\000\040\000C\000i\000s\000c\000o\000\040\000-\000\040\000g\000d\000y\000\040\000p\000o\000j\000a\000w\000i\000\040\000s\000i\001\031\000\040\000r\000o\000u\000t\000i\000n\000g\000\040\000d\000y\000n\000a\000m\000i\000c\000z\000n\000y}{}% 18
\BOOKMARK [2][-]{subsection.6.1}{\376\377\000P\000r\000o\000c\000e\000d\000u\000r\000a\000\040\000k\000o\000n\000f\000i\000g\000u\000r\000a\000c\000j\000i}{section.6}% 19
\BOOKMARK [2][-]{subsection.6.2}{\376\377\000D\000e\000f\000a\000u\000l\000t\000\040\000i\000\040\000k\000o\000s\000z\000t\000y}{section.6}% 20
\BOOKMARK [1][-]{section.7}{\376\377\000V\000L\000A\000N\000y\000\040\000i\000\040\000r\000o\000u\000t\000e\000r\000-\000o\000n\000-\000a\000-\000s\000t\000i\000c\000k}{}% 21
\BOOKMARK [2][-]{subsection.7.1}{\376\377\000Z\000a\000s\000a\000d\000y}{section.7}% 22
\BOOKMARK [2][-]{subsection.7.2}{\376\377\000N\000a\000j\000p\000i\000e\000r\000w\000\040\000r\000o\000z\000p\000o\000z\000n\000a\000j\000\040\000p\000o\000r\000t\000y}{section.7}% 23
\BOOKMARK [2][-]{subsection.7.3}{\376\377\000T\000w\000o\000r\000z\000e\000n\000i\000e\000\040\000V\000L\000A\000N\000\363\000w\000:\000\040\000n\000o\000r\000m\000a\000l\000n\000y\000\040\000I\000O\000S}{section.7}% 24
\BOOKMARK [2][-]{subsection.7.4}{\376\377\000T\000w\000o\000r\000z\000e\000n\000i\000e\000\040\000V\000L\000A\000N\000\363\000w\000:\000\040\000s\000t\000a\000r\000s\000z\000y\000\040\000v\000l\000a\000n\000\040\000d\000a\000t\000a\000b\000a\000s\000e}{section.7}% 25
\BOOKMARK [2][-]{subsection.7.5}{\376\377\000P\000o\000r\000t\000\040\000a\000c\000c\000e\000s\000s\000\040\000d\000l\000a\000\040\000z\000w\000y\000k\001\102\000e\000g\000o\000\040\000h\000o\000s\000t\000a}{section.7}% 26
\BOOKMARK [2][-]{subsection.7.6}{\376\377\000P\000o\000r\000t\000\040\000t\000r\000u\000n\000k\000\040\000m\000i\001\031\000d\000z\000y\000\040\000s\000w\000i\000t\000c\000h\000a\000m\000i\000\040\000a\000l\000b\000o\000\040\000d\000o\000\040\000r\000o\000u\000t\000e\000r\000a}{section.7}% 27
\BOOKMARK [2][-]{subsection.7.7}{\376\377\000R\000o\000u\000t\000e\000r\000\040\000m\000i\001\031\000d\000z\000y\000\040\000V\000L\000A\000N\000a\000m\000i}{section.7}% 28
\BOOKMARK [1][-]{section.8}{\376\377\000i\000p\000t\000a\000b\000l\000e\000s\000:\000\040\000m\000o\000d\000e\000l\000\040\000m\000e\000n\000t\000a\000l\000n\000y}{}% 29
\BOOKMARK [2][-]{subsection.8.1}{\376\377\000N\000e\000t\000f\000i\000l\000t\000e\000r\000,\000\040\000t\000a\000b\000e\000l\000e\000\040\000i\000\040\001\102\000a\001\104\000c\000u\000c\000h\000y}{section.8}% 30
\BOOKMARK [2][-]{subsection.8.2}{\376\377\000P\000r\000z\000e\000p\001\102\000y\000w\000\040\000p\000a\000k\000i\000e\000t\000u\000\040\000p\000r\000z\000e\000z\000\040\000L\000i\000n\000u\000x\000a}{section.8}% 31
\BOOKMARK [2][-]{subsection.8.3}{\376\377\000N\000a\000j\000w\000a\001\174\000n\000i\000e\000j\000s\000z\000e\000\040\000z\000a\000s\000a\000d\000y}{section.8}% 32
\BOOKMARK [1][-]{section.9}{\376\377\000i\000p\000t\000a\000b\000l\000e\000s\000:\000\040\000s\000k\001\102\000a\000d\000n\000i\000a\000,\000\040\000r\000e\000s\000e\000t\000,\000\040\000l\000i\000c\000z\000n\000i\000k\000i}{}% 33
\BOOKMARK [2][-]{subsection.9.1}{\376\377\000S\000k\001\102\000a\000d\000n\000i\000a\000\040\000i\000\040\000o\000p\000e\000r\000a\000c\000j\000e}{section.9}% 34
\BOOKMARK [1][-]{section.10}{\376\377\000i\000p\000t\000a\000b\000l\000e\000s\000:\000\040\000m\000a\000t\000c\000h\000-\000e\000,\000\040\000c\000o\000n\000n\000t\000r\000a\000c\000k\000,\000\040\000c\000o\000n\000n\000l\000i\000m\000i\000t}{}% 35
\BOOKMARK [2][-]{subsection.10.1}{\376\377\000N\000a\000j\000c\000z\001\031\000s\000t\000s\000z\000e\000\040\000d\000o\000p\000a\000s\000o\000w\000a\000n\000i\000a}{section.10}% 36
\BOOKMARK [2][-]{subsection.10.2}{\376\377\000C\000o\000n\000n\000t\000r\000a\000c\000k\000\040\000i\000\040\000c\000o\000n\000n\000l\000i\000m\000i\000t\000\040\000k\000r\000\363\000t\000k\000o}{section.10}% 37
\BOOKMARK [2][-]{subsection.10.3}{\376\377\000B\000e\000z\000p\000i\000e\000c\000z\000n\000y\000\040\000s\000z\000k\000i\000e\000l\000e\000t\000\040\000s\000k\000r\000y\000p\000t\000u}{section.10}% 38
\BOOKMARK [1][-]{section.11}{\376\377\000N\000A\000T\000:\000\040\000z\000a\000s\000a\000d\000y\000\040\000i\000\040\000n\000i\000u\000a\000n\000s\000e}{}% 39
\BOOKMARK [2][-]{subsection.11.1}{\376\377\000C\000o\000\040\000z\000m\000i\000e\000n\000i\000a\000\040\000S\000N\000A\000T\000/\000M\000A\000S\000Q\000U\000E\000R\000A\000D\000E\000/\000D\000N\000A\000T}{section.11}% 40
\BOOKMARK [2][-]{subsection.11.2}{\376\377\000N\000a\000j\000w\000a\001\174\000n\000i\000e\000j\000s\000z\000e\000\040\000n\000i\000u\000a\000n\000s\000e\000\040\000N\000A\000T}{section.11}% 41
\BOOKMARK [2][-]{subsection.11.3}{\376\377\000W\001\102\001\005\000c\000z\000e\000n\000i\000e\000\040\000r\000o\000u\000t\000e\000r\000a\000\040\000N\000A\000T}{section.11}% 42
\BOOKMARK [1][-]{section.12}{\376\377\000S\000N\000A\000T\000\040\000i\000\040\000M\000A\000S\000Q\000U\000E\000R\000A\000D\000E\000\040\000-\000\040\000g\000o\000t\000o\000w\000c\000e}{}% 43
\BOOKMARK [2][-]{subsection.12.1}{\376\377\000I\000n\000t\000e\000r\000n\000e\000t\000\040\000d\000l\000a\000\040\000s\000i\000e\000c\000i\000\040\000p\000r\000y\000w\000a\000t\000n\000e\000j\000\040\000p\000r\000z\000e\000z\000\040\000e\000m\0001}{section.12}% 44
\BOOKMARK [2][-]{subsection.12.2}{\376\377\000K\000l\000a\000s\000y\000c\000z\000n\000y\000\040\000S\000N\000A\000T\000\040\000n\000a\000\040\000s\000t\000a\001\102\000y\000\040\000a\000d\000r\000e\000s\000\040\000r\000o\000u\000t\000e\000r\000a}{section.12}% 45
\BOOKMARK [2][-]{subsection.12.3}{\376\377\000S\000N\000A\000T\000\040\000m\000i\001\031\000d\000z\000y\000\040\000d\000w\000i\000e\000m\000a\000\040\000p\000r\000y\000w\000a\000t\000n\000y\000m\000i\000\040\000s\000i\000e\000c\000i\000a\000m\000i}{section.12}% 46
\BOOKMARK [1][-]{section.13}{\376\377\000D\000N\000A\000T\000\040\000-\000\040\000p\000r\000z\000e\000k\000i\000e\000r\000o\000w\000a\000n\000i\000e\000\040\000p\000o\000r\000t\000\363\000w}{}% 47
\BOOKMARK [2][-]{subsection.13.1}{\376\377\000P\000r\000o\000s\000t\000y\000\040\000p\000o\000r\000t\000\040\000f\000o\000r\000w\000a\000r\000d\000\040\000d\000o\000\040\000h\000o\000s\000t\000a\000\040\000z\000a\000\040\000N\000A\000T\000e\000m}{section.13}% 48
\BOOKMARK [2][-]{subsection.13.2}{\376\377\000P\000r\000z\000e\000k\000i\000e\000r\000o\000w\000a\000n\000i\000e\000\040\000S\000S\000H\000\040\000n\000a\000\040\000i\000n\000n\000y\000\040\000p\000o\000r\000t}{section.13}% 49
\BOOKMARK [2][-]{subsection.13.3}{\376\377\000D\000N\000A\000T\000\040\000b\000e\000z\000\040\000t\000r\000a\000s\000y\000\040\000z\000w\000r\000o\000t\000n\000e\000j\000?\000\040\000D\000o\000d\000a\000j\000\040\000S\000N\000A\000T}{section.13}% 50
\BOOKMARK [1][-]{section.14}{\376\377\000M\000a\000n\000g\000l\000e\000\040\000i\000\040\000T\000T\000L}{}% 51
\BOOKMARK [2][-]{subsection.14.1}{\376\377\000U\000s\000t\000a\000w\000i\000e\000n\000i\000e\000\040\000T\000T\000L\000\040\000d\000l\000a\000\040\000r\000u\000c\000h\000u\000\040\000p\000r\000z\000e\000c\000h\000o\000d\000z\001\005\000c\000e\000g\000o\000\040\000p\000r\000z\000e\000z\000\040\000r\000o\000u\000t\000e\000r}{section.14}% 52
\BOOKMARK [1][-]{section.15}{\376\377\000T\000e\000s\000t\000o\000w\000a\000n\000i\000e\000\040\000i\000\040\000d\000e\000b\000u\000g\000o\000w\000a\000n\000i\000e}{}% 53
\BOOKMARK [2][-]{subsection.15.1}{\376\377\000P\000i\000n\000g\000,\000\040\000t\000r\000a\000s\000a\000,\000\040\000l\000i\000c\000z\000n\000i\000k\000i}{section.15}% 54
\BOOKMARK [2][-]{subsection.15.2}{\376\377\000P\000o\000r\000t\000y\000,\000\040\000S\000S\000H\000,\000\040\000n\000c\000a\000t\000/\000n\000e\000t\000c\000a\000t}{section.15}% 55
\BOOKMARK [2][-]{subsection.15.3}{\376\377\000W\000i\000r\000e\000s\000h\000a\000r\000k\000:\000\040\000c\000o\000\040\000p\000o\000k\000a\000z\000a\001\007}{section.15}% 56
\BOOKMARK [2][-]{subsection.15.4}{\376\377\000C\000h\000e\000c\000k\000l\000i\000s\000t\000a\000\040\040\036\000n\000i\000e\000\040\000d\000z\000i\000a\001\102\000a\040\035}{section.15}% 57
